<?xml version="1.0" encoding="UTF-8"?>
<!-- Generated by org.testng.reporters.JUnitReportReporter -->
<testsuite hostname="Arun-Dit" failures="0" tests="1" name="testCasesSecond.TC1" time="7.861" errors="0" timestamp="2022-10-25T18:31:21 IST" skipped="0">
  <testcase classname="testCasesSecond.TC1" name="test2" time="7.861"/>
  <system-out/>
</testsuite> <!-- testCasesSecond.TC1 -->
