<?xml version="1.0" encoding="UTF-8"?>
<!-- Generated by org.testng.reporters.JUnitReportReporter -->
<testsuite hostname="Arun-Dit" failures="0" tests="1" name="testCasesSecond.TC2Modified" time="9.370" errors="0" timestamp="2022-10-29T22:25:54 IST" skipped="0">
  <testcase classname="testCasesSecond.TC2Modified" name="test1" time="9.370"/>
  <system-out/>
</testsuite> <!-- testCasesSecond.TC2Modified -->
