<?xml version="1.0" encoding="UTF-8"?>
<!-- Generated by org.testng.reporters.JUnitReportReporter -->
<testsuite hostname="Arun-Dit" failures="0" tests="1" name="testCasesSecond.VerificationOfLocation" time="13.689" errors="0" timestamp="2022-11-02T14:33:27 IST" skipped="0">
  <testcase classname="testCasesSecond.VerificationOfLocation" name="location" time="13.689"/>
  <system-out/>
</testsuite> <!-- testCasesSecond.VerificationOfLocation -->
